# JRE version: OpenJDK Runtime Environment GraalVM CE 22.3.0 (17.0.5+8) (build 17.0.5+8-jvmci-22.3-b08)
# Java VM: OpenJDK 64-Bit Server VM GraalVM CE 22.3.0 (17.0.5+8-jvmci-22.3-b08, mixed mode, sharing, tiered, jvmci, jvmci compiler, compressed oops, compressed class ptrs, parallel gc, linux-amd64)
GC Precious Log:
 CPUs: 8 total, 1 available
 Memory: 1024M
 Large Page Support: Disabled
 NUMA Support: Disabled
 Compressed Oops: Enabled (32-bit)
 Alignments: Space 512K, Generation 512K, Heap 2M
 Heap Min Capacity: 100M
 Heap Initial Capacity: 100M
 Heap Max Capacity: 512M
 Pre-touch: Disabled
 Parallel Workers: 1
Heap:
 PSYoungGen      total 59392K, used 29696K [0x00000000f5580000, 0x00000000fb100000, 0x0000000100000000)
  eden space 29696K, 100% used [0x00000000f5580000,0x00000000f7280000,0x00000000f7280000)
  from space 29696K, 0% used [0x00000000f9400000,0x00000000f9400000,0x00000000fb100000)
  to   space 31232K, 0% used [0x00000000f7280000,0x00000000f7280000,0x00000000f9100000)
 ParOldGen       total 349696K, used 349695K [0x00000000e0000000, 0x00000000f5580000, 0x00000000f5580000)
  object space 349696K, 99% used [0x00000000e0000000,0x00000000f557ff00,0x00000000f5580000)
 Metaspace       used 52852K, committed 53760K, reserved 1097728K
  class space    used 5223K, committed 5632K, reserved 1048576K
GC Heap History (20 events):
Event: 1775.129 GC heap before
{Heap before GC invocations=1467 (full 1370):
 PSYoungGen      total 59392K, used 29696K [0x00000000f5580000, 0x00000000fb100000, 0x0000000100000000)
  eden space 29696K, 100% used [0x00000000f5580000,0x00000000f7280000,0x00000000f7280000)
  from space 29696K, 0% used [0x00000000f9400000,0x00000000f9400000,0x00000000fb100000)
  to   space 31232K, 0% used [0x00000000f7280000,0x00000000f7280000,0x00000000f9100000)
 ParOldGen       total 349696K, used 349695K [0x00000000e0000000, 0x00000000f5580000, 0x00000000f5580000)
  object space 349696K, 99% used [0x00000000e0000000,0x00000000f557ffd8,0x00000000f5580000)
 Metaspace       used 52852K, committed 53760K, reserved 1097728K
  class space    used 5223K, committed 5632K, reserved 1048576K
}
Event: 1776.378 GC heap after
{Heap after GC invocations=1467 (full 1370):
 PSYoungGen      total 60928K, used 29695K [0x00000000f5580000, 0x00000000fb100000, 0x0000000100000000)
  eden space 29696K, 99% used [0x00000000f5580000,0x00000000f727ffd0,0x00000000f7280000)
  from space 31232K, 0% used [0x00000000f7280000,0x00000000f7280000,0x00000000f9100000)
  to   space 29696K, 0% used [0x00000000f9400000,0x00000000f9400000,0x00000000fb100000)
 ParOldGen       total 349696K, used 349695K [0x00000000e0000000, 0x00000000f5580000, 0x00000000f5580000)
  object space 349696K, 99% used [0x00000000e0000000,0x00000000f557ffd8,0x00000000f5580000)
 Metaspace       used 52852K, committed 53760K, reserved 1097728K
  class space    used 5223K, committed 5632K, reserved 1048576K
}
Event: 1776.379 GC heap before
{Heap before GC invocations=1468 (full 1371):
 PSYoungGen      total 60928K, used 29695K [0x00000000f5580000, 0x00000000fb100000, 0x0000000100000000)
  eden space 29696K, 99% used [0x00000000f5580000,0x00000000f727ffe8,0x00000000f7280000)
  from space 31232K, 0% used [0x00000000f7280000,0x00000000f7280000,0x00000000f9100000)
  to   space 29696K, 0% used [0x00000000f9400000,0x00000000f9400000,0x00000000fb100000)
 ParOldGen       total 349696K, used 349695K [0x00000000e0000000, 0x00000000f5580000, 0x00000000f5580000)
  object space 349696K, 99% used [0x00000000e0000000,0x00000000f557ffd8,0x00000000f5580000)
 Metaspace       used 52852K, committed 53760K, reserved 1097728K
  class space    used 5223K, committed 5632K, reserved 1048576K
}
Event: 1777.670 GC heap after
{Heap after GC invocations=1468 (full 1371):
 PSYoungGen      total 59392K, used 29695K [0x00000000f5580000, 0x00000000fb100000, 0x0000000100000000)
  eden space 29696K, 99% used [0x00000000f5580000,0x00000000f727ffe8,0x00000000f7280000)
  from space 29696K, 0% used [0x00000000f9400000,0x00000000f9400000,0x00000000fb100000)
  to   space 31232K, 0% used [0x00000000f7280000,0x00000000f7280000,0x00000000f9100000)
 ParOldGen       total 349696K, used 349695K [0x00000000e0000000, 0x00000000f5580000, 0x00000000f5580000)
  object space 349696K, 99% used [0x00000000e0000000,0x00000000f557ffd8,0x00000000f5580000)
 Metaspace       used 52852K, committed 53760K, reserved 1097728K
  class space    used 5223K, committed 5632K, reserved 1048576K
}
Event: 1777.671 GC heap before
{Heap before GC invocations=1469 (full 1372):
 PSYoungGen      total 59392K, used 29696K [0x00000000f5580000, 0x00000000fb100000, 0x0000000100000000)
  eden space 29696K, 100% used [0x00000000f5580000,0x00000000f7280000,0x00000000f7280000)
  from space 29696K, 0% used [0x00000000f9400000,0x00000000f9400000,0x00000000fb100000)
  to   space 31232K, 0% used [0x00000000f7280000,0x00000000f7280000,0x00000000f9100000)
 ParOldGen       total 349696K, used 349696K [0x00000000e0000000, 0x00000000f5580000, 0x00000000f5580000)
  object space 349696K, 100% used [0x00000000e0000000,0x00000000f5580000,0x00000000f5580000)
 Metaspace       used 52852K, committed 53760K, reserved 1097728K
  class space    used 5223K, committed 5632K, reserved 1048576K
}
Event: 1778.873 GC heap after
{Heap after GC invocations=1469 (full 1372):
 PSYoungGen      total 60928K, used 29696K [0x00000000f5580000, 0x00000000fb100000, 0x0000000100000000)
  eden space 29696K, 100% used [0x00000000f5580000,0x00000000f7280000,0x00000000f7280000)
  from space 31232K, 0% used [0x00000000f7280000,0x00000000f7280000,0x00000000f9100000)
  to   space 29696K, 0% used [0x00000000f9400000,0x00000000f9400000,0x00000000fb100000)
 ParOldGen       total 349696K, used 349696K [0x00000000e0000000, 0x00000000f5580000, 0x00000000f5580000)
  object space 349696K, 100% used [0x00000000e0000000,0x00000000f5580000,0x00000000f5580000)
 Metaspace       used 52852K, committed 53760K, reserved 1097728K
  class space    used 5223K, committed 5632K, reserved 1048576K
}
Event: 1778.873 GC heap before
{Heap before GC invocations=1470 (full 1373):
 PSYoungGen      total 60928K, used 29696K [0x00000000f5580000, 0x00000000fb100000, 0x0000000100000000)
  eden space 29696K, 100% used [0x00000000f5580000,0x00000000f7280000,0x00000000f7280000)
  from space 31232K, 0% used [0x00000000f7280000,0x00000000f7280000,0x00000000f9100000)
  to   space 29696K, 0% used [0x00000000f9400000,0x00000000f9400000,0x00000000fb100000)
 ParOldGen       total 349696K, used 349696K [0x00000000e0000000, 0x00000000f5580000, 0x00000000f5580000)
  object space 349696K, 100% used [0x00000000e0000000,0x00000000f5580000,0x00000000f5580000)
 Metaspace       used 52852K, committed 53760K, reserved 1097728K
  class space    used 5223K, committed 5632K, reserved 1048576K
}
Event: 1780.150 GC heap after
{Heap after GC invocations=1470 (full 1373):
 PSYoungGen      total 59392K, used 29696K [0x00000000f5580000, 0x00000000fb100000, 0x0000000100000000)
  eden space 29696K, 100% used [0x00000000f5580000,0x00000000f7280000,0x00000000f7280000)
  from space 29696K, 0% used [0x00000000f9400000,0x00000000f9400000,0x00000000fb100000)
  to   space 31232K, 0% used [0x00000000f7280000,0x00000000f7280000,0x00000000f9100000)
 ParOldGen       total 349696K, used 349696K [0x00000000e0000000, 0x00000000f5580000, 0x00000000f5580000)
  object space 349696K, 100% used [0x00000000e0000000,0x00000000f5580000,0x00000000f5580000)
 Metaspace       used 52852K, committed 53760K, reserved 1097728K
  class space    used 5223K, committed 5632K, reserved 1048576K
}
Event: 1780.151 GC heap before
{Heap before GC invocations=1471 (full 1374):
 PSYoungGen      total 59392K, used 29696K [0x00000000f5580000, 0x00000000fb100000, 0x0000000100000000)
  eden space 29696K, 100% used [0x00000000f5580000,0x00000000f7280000,0x00000000f7280000)
  from space 29696K, 0% used [0x00000000f9400000,0x00000000f9400000,0x00000000fb100000)
  to   space 31232K, 0% used [0x00000000f7280000,0x00000000f7280000,0x00000000f9100000)
 ParOldGen       total 349696K, used 349696K [0x00000000e0000000, 0x00000000f5580000, 0x00000000f5580000)
  object space 349696K, 100% used [0x00000000e0000000,0x00000000f5580000,0x00000000f5580000)
 Metaspace       used 52852K, committed 53760K, reserved 1097728K
  class space    used 5223K, committed 5632K, reserved 1048576K
}
Event: 1781.356 GC heap after
{Heap after GC invocations=1471 (full 1374):
 PSYoungGen      total 60928K, used 29695K [0x00000000f5580000, 0x00000000fb100000, 0x0000000100000000)
  eden space 29696K, 99% used [0x00000000f5580000,0x00000000f727ffb0,0x00000000f7280000)
  from space 31232K, 0% used [0x00000000f7280000,0x00000000f7280000,0x00000000f9100000)
  to   space 29696K, 0% used [0x00000000f9400000,0x00000000f9400000,0x00000000fb100000)
 ParOldGen       total 349696K, used 349695K [0x00000000e0000000, 0x00000000f5580000, 0x00000000f5580000)
  object space 349696K, 99% used [0x00000000e0000000,0x00000000f557fd08,0x00000000f5580000)
 Metaspace       used 52852K, committed 53760K, reserved 1097728K
  class space    used 5223K, committed 5632K, reserved 1048576K
}
Event: 1781.357 GC heap before
{Heap before GC invocations=1472 (full 1375):
 PSYoungGen      total 60928K, used 29696K [0x00000000f5580000, 0x00000000fb100000, 0x0000000100000000)
  eden space 29696K, 100% used [0x00000000f5580000,0x00000000f7280000,0x00000000f7280000)
  from space 31232K, 0% used [0x00000000f7280000,0x00000000f7280000,0x00000000f9100000)
  to   space 29696K, 0% used [0x00000000f9400000,0x00000000f9400000,0x00000000fb100000)
 ParOldGen       total 349696K, used 349695K [0x00000000e0000000, 0x00000000f5580000, 0x00000000f5580000)
  object space 349696K, 99% used [0x00000000e0000000,0x00000000f557fd08,0x00000000f5580000)
 Metaspace       used 52852K, committed 53760K, reserved 1097728K
  class space    used 5223K, committed 5632K, reserved 1048576K
}
Event: 1782.661 GC heap after
{Heap after GC invocations=1472 (full 1375):
 PSYoungGen      total 59392K, used 29696K [0x00000000f5580000, 0x00000000fb100000, 0x0000000100000000)
  eden space 29696K, 100% used [0x00000000f5580000,0x00000000f7280000,0x00000000f7280000)
  from space 29696K, 0% used [0x00000000f9400000,0x00000000f9400000,0x00000000fb100000)
  to   space 31232K, 0% used [0x00000000f7280000,0x00000000f7280000,0x00000000f9100000)
 ParOldGen       total 349696K, used 349695K [0x00000000e0000000, 0x00000000f5580000, 0x00000000f5580000)
  object space 349696K, 99% used [0x00000000e0000000,0x00000000f557fd08,0x00000000f5580000)
 Metaspace       used 52852K, committed 53760K, reserved 1097728K
  class space    used 5223K, committed 5632K, reserved 1048576K
}
Event: 1782.661 GC heap before
{Heap before GC invocations=1473 (full 1376):
 PSYoungGen      total 59392K, used 29696K [0x00000000f5580000, 0x00000000fb100000, 0x0000000100000000)
  eden space 29696K, 100% used [0x00000000f5580000,0x00000000f7280000,0x00000000f7280000)
  from space 29696K, 0% used [0x00000000f9400000,0x00000000f9400000,0x00000000fb100000)
  to   space 31232K, 0% used [0x00000000f7280000,0x00000000f7280000,0x00000000f9100000)
 ParOldGen       total 349696K, used 349695K [0x00000000e0000000, 0x00000000f5580000, 0x00000000f5580000)
  object space 349696K, 99% used [0x00000000e0000000,0x00000000f557fda0,0x00000000f5580000)
 Metaspace       used 52852K, committed 53760K, reserved 1097728K
  class space    used 5223K, committed 5632K, reserved 1048576K
}
Event: 1783.830 GC heap after
{Heap after GC invocations=1473 (full 1376):
 PSYoungGen      total 60928K, used 29696K [0x00000000f5580000, 0x00000000fb100000, 0x0000000100000000)
  eden space 29696K, 100% used [0x00000000f5580000,0x00000000f7280000,0x00000000f7280000)
  from space 31232K, 0% used [0x00000000f7280000,0x00000000f7280000,0x00000000f9100000)
  to   space 29696K, 0% used [0x00000000f9400000,0x00000000f9400000,0x00000000fb100000)
 ParOldGen       total 349696K, used 349695K [0x00000000e0000000, 0x00000000f5580000, 0x00000000f5580000)
  object space 349696K, 99% used [0x00000000e0000000,0x00000000f557fd20,0x00000000f5580000)
 Metaspace       used 52852K, committed 53760K, reserved 1097728K
  class space    used 5223K, committed 5632K, reserved 1048576K
}
Event: 1783.831 GC heap before
{Heap before GC invocations=1474 (full 1377):
 PSYoungGen      total 60928K, used 29696K [0x00000000f5580000, 0x00000000fb100000, 0x0000000100000000)
  eden space 29696K, 100% used [0x00000000f5580000,0x00000000f7280000,0x00000000f7280000)
  from space 31232K, 0% used [0x00000000f7280000,0x00000000f7280000,0x00000000f9100000)
  to   space 29696K, 0% used [0x00000000f9400000,0x00000000f9400000,0x00000000fb100000)
 ParOldGen       total 349696K, used 349695K [0x00000000e0000000, 0x00000000f5580000, 0x00000000f5580000)
  object space 349696K, 99% used [0x00000000e0000000,0x00000000f557fd20,0x00000000f5580000)
 Metaspace       used 52852K, committed 53760K, reserved 1097728K
  class space    used 5223K, committed 5632K, reserved 1048576K
}
Event: 1785.024 GC heap after
{Heap after GC invocations=1474 (full 1377):
 PSYoungGen      total 59392K, used 29696K [0x00000000f5580000, 0x00000000fb100000, 0x0000000100000000)
  eden space 29696K, 100% used [0x00000000f5580000,0x00000000f7280000,0x00000000f7280000)
  from space 29696K, 0% used [0x00000000f9400000,0x00000000f9400000,0x00000000fb100000)
  to   space 31232K, 0% used [0x00000000f7280000,0x00000000f7280000,0x00000000f9100000)
 ParOldGen       total 349696K, used 349695K [0x00000000e0000000, 0x00000000f5580000, 0x00000000f5580000)
  object space 349696K, 99% used [0x00000000e0000000,0x00000000f557fd20,0x00000000f5580000)
 Metaspace       used 52852K, committed 53760K, reserved 1097728K
  class space    used 5223K, committed 5632K, reserved 1048576K
}
Event: 1785.024 GC heap before
{Heap before GC invocations=1475 (full 1378):
 PSYoungGen      total 59392K, used 29696K [0x00000000f5580000, 0x00000000fb100000, 0x0000000100000000)
  eden space 29696K, 100% used [0x00000000f5580000,0x00000000f7280000,0x00000000f7280000)
  from space 29696K, 0% used [0x00000000f9400000,0x00000000f9400000,0x00000000fb100000)
  to   space 31232K, 0% used [0x00000000f7280000,0x00000000f7280000,0x00000000f9100000)
 ParOldGen       total 349696K, used 349695K [0x00000000e0000000, 0x00000000f5580000, 0x00000000f5580000)
  object space 349696K, 99% used [0x00000000e0000000,0x00000000f557fd20,0x00000000f5580000)
 Metaspace       used 52852K, committed 53760K, reserved 1097728K
  class space    used 5223K, committed 5632K, reserved 1048576K
}
Event: 1786.273 GC heap after
{Heap after GC invocations=1475 (full 1378):
 PSYoungGen      total 60928K, used 29696K [0x00000000f5580000, 0x00000000fb100000, 0x0000000100000000)
  eden space 29696K, 100% used [0x00000000f5580000,0x00000000f7280000,0x00000000f7280000)
  from space 31232K, 0% used [0x00000000f7280000,0x00000000f7280000,0x00000000f9100000)
  to   space 29696K, 0% used [0x00000000f9400000,0x00000000f9400000,0x00000000fb100000)
 ParOldGen       total 349696K, used 349695K [0x00000000e0000000, 0x00000000f5580000, 0x00000000f5580000)
  object space 349696K, 99% used [0x00000000e0000000,0x00000000f557fd20,0x00000000f5580000)
 Metaspace       used 52852K, committed 53760K, reserved 1097728K
  class space    used 5223K, committed 5632K, reserved 1048576K
}
Event: 1786.273 GC heap before
{Heap before GC invocations=1476 (full 1379):
 PSYoungGen      total 60928K, used 29696K [0x00000000f5580000, 0x00000000fb100000, 0x0000000100000000)
  eden space 29696K, 100% used [0x00000000f5580000,0x00000000f7280000,0x00000000f7280000)
  from space 31232K, 0% used [0x00000000f7280000,0x00000000f7280000,0x00000000f9100000)
  to   space 29696K, 0% used [0x00000000f9400000,0x00000000f9400000,0x00000000fb100000)
 ParOldGen       total 349696K, used 349695K [0x00000000e0000000, 0x00000000f5580000, 0x00000000f5580000)
  object space 349696K, 99% used [0x00000000e0000000,0x00000000f557fd20,0x00000000f5580000)
 Metaspace       used 52852K, committed 53760K, reserved 1097728K
  class space    used 5223K, committed 5632K, reserved 1048576K
}
Event: 1787.335 GC heap after
{Heap after GC invocations=1476 (full 1379):
 PSYoungGen      total 59392K, used 29696K [0x00000000f5580000, 0x00000000fb100000, 0x0000000100000000)
  eden space 29696K, 100% used [0x00000000f5580000,0x00000000f7280000,0x00000000f7280000)
  from space 29696K, 0% used [0x00000000f9400000,0x00000000f9400000,0x00000000fb100000)
  to   space 31232K, 0% used [0x00000000f7280000,0x00000000f7280000,0x00000000f9100000)
 ParOldGen       total 349696K, used 349695K [0x00000000e0000000, 0x00000000f5580000, 0x00000000f5580000)
  object space 349696K, 99% used [0x00000000e0000000,0x00000000f557fd20,0x00000000f5580000)
 Metaspace       used 52852K, committed 53760K, reserved 1097728K
  class space    used 5223K, committed 5632K, reserved 1048576K
}

