# JRE version: OpenJDK Runtime Environment GraalVM CE 22.3.0 (17.0.5+8) (build 17.0.5+8-jvmci-22.3-b08)
# Java VM: OpenJDK 64-Bit Server VM GraalVM CE 22.3.0 (17.0.5+8-jvmci-22.3-b08, mixed mode, sharing, tiered, jvmci, jvmci compiler, compressed oops, compressed class ptrs, parallel gc, linux-amd64)
GC Precious Log:
 CPUs: 8 total, 1 available
 Memory: 1024M
 Large Page Support: Disabled
 NUMA Support: Disabled
 Compressed Oops: Enabled (32-bit)
 Alignments: Space 512K, Generation 512K, Heap 2M
 Heap Min Capacity: 100M
 Heap Initial Capacity: 100M
 Heap Max Capacity: 512M
 Pre-touch: Disabled
 Parallel Workers: 1
Heap:
 PSYoungGen      total 26112K, used 20480K [0x00000000f5580000, 0x00000000f7700000, 0x0000000100000000)
  eden space 20480K, 100% used [0x00000000f5580000,0x00000000f6980000,0x00000000f6980000)
  from space 5632K, 0% used [0x00000000f7000000,0x00000000f7000000,0x00000000f7580000)
  to   space 6144K, 0% used [0x00000000f6980000,0x00000000f6980000,0x00000000f6f80000)
 ParOldGen       total 349696K, used 349696K [0x00000000e0000000, 0x00000000f5580000, 0x00000000f5580000)
  object space 349696K, 100% used [0x00000000e0000000,0x00000000f5580000,0x00000000f5580000)
 Metaspace       used 57957K, committed 59200K, reserved 1105920K
  class space    used 5842K, committed 6336K, reserved 1048576K
GC Heap History (20 events):
Event: 849.424 GC heap before
{Heap before GC invocations=793 (full 680):
 PSYoungGen      total 26112K, used 20479K [0x00000000f5580000, 0x00000000f7700000, 0x0000000100000000)
  eden space 20480K, 99% used [0x00000000f5580000,0x00000000f697fff8,0x00000000f6980000)
  from space 5632K, 0% used [0x00000000f7000000,0x00000000f7000000,0x00000000f7580000)
  to   space 6144K, 0% used [0x00000000f6980000,0x00000000f6980000,0x00000000f6f80000)
 ParOldGen       total 349696K, used 349694K [0x00000000e0000000, 0x00000000f5580000, 0x00000000f5580000)
  object space 349696K, 99% used [0x00000000e0000000,0x00000000f557fbd8,0x00000000f5580000)
 Metaspace       used 57957K, committed 59200K, reserved 1105920K
  class space    used 5842K, committed 6336K, reserved 1048576K
}
Event: 851.015 GC heap after
{Heap after GC invocations=793 (full 680):
 PSYoungGen      total 26624K, used 20479K [0x00000000f5580000, 0x00000000f7700000, 0x0000000100000000)
  eden space 20480K, 99% used [0x00000000f5580000,0x00000000f697ffd8,0x00000000f6980000)
  from space 6144K, 0% used [0x00000000f6980000,0x00000000f6980000,0x00000000f6f80000)
  to   space 5632K, 0% used [0x00000000f7000000,0x00000000f7000000,0x00000000f7580000)
 ParOldGen       total 349696K, used 349694K [0x00000000e0000000, 0x00000000f5580000, 0x00000000f5580000)
  object space 349696K, 99% used [0x00000000e0000000,0x00000000f557fbb8,0x00000000f5580000)
 Metaspace       used 57957K, committed 59200K, reserved 1105920K
  class space    used 5842K, committed 6336K, reserved 1048576K
}
Event: 851.016 GC heap before
{Heap before GC invocations=794 (full 681):
 PSYoungGen      total 26624K, used 20479K [0x00000000f5580000, 0x00000000f7700000, 0x0000000100000000)
  eden space 20480K, 99% used [0x00000000f5580000,0x00000000f697fff8,0x00000000f6980000)
  from space 6144K, 0% used [0x00000000f6980000,0x00000000f6980000,0x00000000f6f80000)
  to   space 5632K, 0% used [0x00000000f7000000,0x00000000f7000000,0x00000000f7580000)
 ParOldGen       total 349696K, used 349694K [0x00000000e0000000, 0x00000000f5580000, 0x00000000f5580000)
  object space 349696K, 99% used [0x00000000e0000000,0x00000000f557fbb8,0x00000000f5580000)
 Metaspace       used 57957K, committed 59200K, reserved 1105920K
  class space    used 5842K, committed 6336K, reserved 1048576K
}
Event: 852.488 GC heap after
{Heap after GC invocations=794 (full 681):
 PSYoungGen      total 26112K, used 20479K [0x00000000f5580000, 0x00000000f7700000, 0x0000000100000000)
  eden space 20480K, 99% used [0x00000000f5580000,0x00000000f697ffd8,0x00000000f6980000)
  from space 5632K, 0% used [0x00000000f7000000,0x00000000f7000000,0x00000000f7580000)
  to   space 6144K, 0% used [0x00000000f6980000,0x00000000f6980000,0x00000000f6f80000)
 ParOldGen       total 349696K, used 349694K [0x00000000e0000000, 0x00000000f5580000, 0x00000000f5580000)
  object space 349696K, 99% used [0x00000000e0000000,0x00000000f557fbb8,0x00000000f5580000)
 Metaspace       used 57957K, committed 59200K, reserved 1105920K
  class space    used 5842K, committed 6336K, reserved 1048576K
}
Event: 852.495 GC heap before
{Heap before GC invocations=795 (full 682):
 PSYoungGen      total 26112K, used 20479K [0x00000000f5580000, 0x00000000f7700000, 0x0000000100000000)
  eden space 20480K, 99% used [0x00000000f5580000,0x00000000f697fff8,0x00000000f6980000)
  from space 5632K, 0% used [0x00000000f7000000,0x00000000f7000000,0x00000000f7580000)
  to   space 6144K, 0% used [0x00000000f6980000,0x00000000f6980000,0x00000000f6f80000)
 ParOldGen       total 349696K, used 349694K [0x00000000e0000000, 0x00000000f5580000, 0x00000000f5580000)
  object space 349696K, 99% used [0x00000000e0000000,0x00000000f557fbb8,0x00000000f5580000)
 Metaspace       used 57957K, committed 59200K, reserved 1105920K
  class space    used 5842K, committed 6336K, reserved 1048576K
}
Event: 854.124 GC heap after
{Heap after GC invocations=795 (full 682):
 PSYoungGen      total 26624K, used 20479K [0x00000000f5580000, 0x00000000f7700000, 0x0000000100000000)
  eden space 20480K, 99% used [0x00000000f5580000,0x00000000f697ffd8,0x00000000f6980000)
  from space 6144K, 0% used [0x00000000f6980000,0x00000000f6980000,0x00000000f6f80000)
  to   space 5632K, 0% used [0x00000000f7000000,0x00000000f7000000,0x00000000f7580000)
 ParOldGen       total 349696K, used 349694K [0x00000000e0000000, 0x00000000f5580000, 0x00000000f5580000)
  object space 349696K, 99% used [0x00000000e0000000,0x00000000f557fbb8,0x00000000f5580000)
 Metaspace       used 57957K, committed 59200K, reserved 1105920K
  class space    used 5842K, committed 6336K, reserved 1048576K
}
Event: 854.124 GC heap before
{Heap before GC invocations=796 (full 683):
 PSYoungGen      total 26624K, used 20479K [0x00000000f5580000, 0x00000000f7700000, 0x0000000100000000)
  eden space 20480K, 99% used [0x00000000f5580000,0x00000000f697fff8,0x00000000f6980000)
  from space 6144K, 0% used [0x00000000f6980000,0x00000000f6980000,0x00000000f6f80000)
  to   space 5632K, 0% used [0x00000000f7000000,0x00000000f7000000,0x00000000f7580000)
 ParOldGen       total 349696K, used 349694K [0x00000000e0000000, 0x00000000f5580000, 0x00000000f5580000)
  object space 349696K, 99% used [0x00000000e0000000,0x00000000f557fbb8,0x00000000f5580000)
 Metaspace       used 57957K, committed 59200K, reserved 1105920K
  class space    used 5842K, committed 6336K, reserved 1048576K
}
Event: 855.598 GC heap after
{Heap after GC invocations=796 (full 683):
 PSYoungGen      total 26112K, used 20479K [0x00000000f5580000, 0x00000000f7700000, 0x0000000100000000)
  eden space 20480K, 99% used [0x00000000f5580000,0x00000000f697ffd8,0x00000000f6980000)
  from space 5632K, 0% used [0x00000000f7000000,0x00000000f7000000,0x00000000f7580000)
  to   space 6144K, 0% used [0x00000000f6980000,0x00000000f6980000,0x00000000f6f80000)
 ParOldGen       total 349696K, used 349694K [0x00000000e0000000, 0x00000000f5580000, 0x00000000f5580000)
  object space 349696K, 99% used [0x00000000e0000000,0x00000000f557fbb8,0x00000000f5580000)
 Metaspace       used 57957K, committed 59200K, reserved 1105920K
  class space    used 5842K, committed 6336K, reserved 1048576K
}
Event: 855.603 GC heap before
{Heap before GC invocations=797 (full 684):
 PSYoungGen      total 26112K, used 20479K [0x00000000f5580000, 0x00000000f7700000, 0x0000000100000000)
  eden space 20480K, 99% used [0x00000000f5580000,0x00000000f697fff8,0x00000000f6980000)
  from space 5632K, 0% used [0x00000000f7000000,0x00000000f7000000,0x00000000f7580000)
  to   space 6144K, 0% used [0x00000000f6980000,0x00000000f6980000,0x00000000f6f80000)
 ParOldGen       total 349696K, used 349694K [0x00000000e0000000, 0x00000000f5580000, 0x00000000f5580000)
  object space 349696K, 99% used [0x00000000e0000000,0x00000000f557fbb8,0x00000000f5580000)
 Metaspace       used 57957K, committed 59200K, reserved 1105920K
  class space    used 5842K, committed 6336K, reserved 1048576K
}
Event: 857.027 GC heap after
{Heap after GC invocations=797 (full 684):
 PSYoungGen      total 26624K, used 20479K [0x00000000f5580000, 0x00000000f7700000, 0x0000000100000000)
  eden space 20480K, 99% used [0x00000000f5580000,0x00000000f697ffd8,0x00000000f6980000)
  from space 6144K, 0% used [0x00000000f6980000,0x00000000f6980000,0x00000000f6f80000)
  to   space 5632K, 0% used [0x00000000f7000000,0x00000000f7000000,0x00000000f7580000)
 ParOldGen       total 349696K, used 349694K [0x00000000e0000000, 0x00000000f5580000, 0x00000000f5580000)
  object space 349696K, 99% used [0x00000000e0000000,0x00000000f557fbb8,0x00000000f5580000)
 Metaspace       used 57957K, committed 59200K, reserved 1105920K
  class space    used 5842K, committed 6336K, reserved 1048576K
}
Event: 857.027 GC heap before
{Heap before GC invocations=798 (full 685):
 PSYoungGen      total 26624K, used 20479K [0x00000000f5580000, 0x00000000f7700000, 0x0000000100000000)
  eden space 20480K, 99% used [0x00000000f5580000,0x00000000f697fff8,0x00000000f6980000)
  from space 6144K, 0% used [0x00000000f6980000,0x00000000f6980000,0x00000000f6f80000)
  to   space 5632K, 0% used [0x00000000f7000000,0x00000000f7000000,0x00000000f7580000)
 ParOldGen       total 349696K, used 349694K [0x00000000e0000000, 0x00000000f5580000, 0x00000000f5580000)
  object space 349696K, 99% used [0x00000000e0000000,0x00000000f557fbb8,0x00000000f5580000)
 Metaspace       used 57957K, committed 59200K, reserved 1105920K
  class space    used 5842K, committed 6336K, reserved 1048576K
}
Event: 858.441 GC heap after
{Heap after GC invocations=798 (full 685):
 PSYoungGen      total 26112K, used 20479K [0x00000000f5580000, 0x00000000f7700000, 0x0000000100000000)
  eden space 20480K, 99% used [0x00000000f5580000,0x00000000f697ffd8,0x00000000f6980000)
  from space 5632K, 0% used [0x00000000f7000000,0x00000000f7000000,0x00000000f7580000)
  to   space 6144K, 0% used [0x00000000f6980000,0x00000000f6980000,0x00000000f6f80000)
 ParOldGen       total 349696K, used 349694K [0x00000000e0000000, 0x00000000f5580000, 0x00000000f5580000)
  object space 349696K, 99% used [0x00000000e0000000,0x00000000f557fbb8,0x00000000f5580000)
 Metaspace       used 57957K, committed 59200K, reserved 1105920K
  class space    used 5842K, committed 6336K, reserved 1048576K
}
Event: 858.444 GC heap before
{Heap before GC invocations=799 (full 686):
 PSYoungGen      total 26112K, used 20479K [0x00000000f5580000, 0x00000000f7700000, 0x0000000100000000)
  eden space 20480K, 99% used [0x00000000f5580000,0x00000000f697fff8,0x00000000f6980000)
  from space 5632K, 0% used [0x00000000f7000000,0x00000000f7000000,0x00000000f7580000)
  to   space 6144K, 0% used [0x00000000f6980000,0x00000000f6980000,0x00000000f6f80000)
 ParOldGen       total 349696K, used 349694K [0x00000000e0000000, 0x00000000f5580000, 0x00000000f5580000)
  object space 349696K, 99% used [0x00000000e0000000,0x00000000f557fbb8,0x00000000f5580000)
 Metaspace       used 57957K, committed 59200K, reserved 1105920K
  class space    used 5842K, committed 6336K, reserved 1048576K
}
Event: 859.796 GC heap after
{Heap after GC invocations=799 (full 686):
 PSYoungGen      total 26624K, used 20479K [0x00000000f5580000, 0x00000000f7700000, 0x0000000100000000)
  eden space 20480K, 99% used [0x00000000f5580000,0x00000000f697ffd8,0x00000000f6980000)
  from space 6144K, 0% used [0x00000000f6980000,0x00000000f6980000,0x00000000f6f80000)
  to   space 5632K, 0% used [0x00000000f7000000,0x00000000f7000000,0x00000000f7580000)
 ParOldGen       total 349696K, used 349694K [0x00000000e0000000, 0x00000000f5580000, 0x00000000f5580000)
  object space 349696K, 99% used [0x00000000e0000000,0x00000000f557fbb8,0x00000000f5580000)
 Metaspace       used 57957K, committed 59200K, reserved 1105920K
  class space    used 5842K, committed 6336K, reserved 1048576K
}
Event: 859.796 GC heap before
{Heap before GC invocations=800 (full 687):
 PSYoungGen      total 26624K, used 20479K [0x00000000f5580000, 0x00000000f7700000, 0x0000000100000000)
  eden space 20480K, 99% used [0x00000000f5580000,0x00000000f697fff8,0x00000000f6980000)
  from space 6144K, 0% used [0x00000000f6980000,0x00000000f6980000,0x00000000f6f80000)
  to   space 5632K, 0% used [0x00000000f7000000,0x00000000f7000000,0x00000000f7580000)
 ParOldGen       total 349696K, used 349694K [0x00000000e0000000, 0x00000000f5580000, 0x00000000f5580000)
  object space 349696K, 99% used [0x00000000e0000000,0x00000000f557fbb8,0x00000000f5580000)
 Metaspace       used 57957K, committed 59200K, reserved 1105920K
  class space    used 5842K, committed 6336K, reserved 1048576K
}
Event: 861.283 GC heap after
{Heap after GC invocations=800 (full 687):
 PSYoungGen      total 26112K, used 20479K [0x00000000f5580000, 0x00000000f7700000, 0x0000000100000000)
  eden space 20480K, 99% used [0x00000000f5580000,0x00000000f697ffd8,0x00000000f6980000)
  from space 5632K, 0% used [0x00000000f7000000,0x00000000f7000000,0x00000000f7580000)
  to   space 6144K, 0% used [0x00000000f6980000,0x00000000f6980000,0x00000000f6f80000)
 ParOldGen       total 349696K, used 349694K [0x00000000e0000000, 0x00000000f5580000, 0x00000000f5580000)
  object space 349696K, 99% used [0x00000000e0000000,0x00000000f557fbb8,0x00000000f5580000)
 Metaspace       used 57957K, committed 59200K, reserved 1105920K
  class space    used 5842K, committed 6336K, reserved 1048576K
}
Event: 861.286 GC heap before
{Heap before GC invocations=801 (full 688):
 PSYoungGen      total 26112K, used 20480K [0x00000000f5580000, 0x00000000f7700000, 0x0000000100000000)
  eden space 20480K, 100% used [0x00000000f5580000,0x00000000f6980000,0x00000000f6980000)
  from space 5632K, 0% used [0x00000000f7000000,0x00000000f7000000,0x00000000f7580000)
  to   space 6144K, 0% used [0x00000000f6980000,0x00000000f6980000,0x00000000f6f80000)
 ParOldGen       total 349696K, used 349694K [0x00000000e0000000, 0x00000000f5580000, 0x00000000f5580000)
  object space 349696K, 99% used [0x00000000e0000000,0x00000000f557fbb8,0x00000000f5580000)
 Metaspace       used 57957K, committed 59200K, reserved 1105920K
  class space    used 5842K, committed 6336K, reserved 1048576K
}
Event: 862.567 GC heap after
{Heap after GC invocations=801 (full 688):
 PSYoungGen      total 26624K, used 20479K [0x00000000f5580000, 0x00000000f7700000, 0x0000000100000000)
  eden space 20480K, 99% used [0x00000000f5580000,0x00000000f697fff0,0x00000000f6980000)
  from space 6144K, 0% used [0x00000000f6980000,0x00000000f6980000,0x00000000f6f80000)
  to   space 5632K, 0% used [0x00000000f7000000,0x00000000f7000000,0x00000000f7580000)
 ParOldGen       total 349696K, used 349694K [0x00000000e0000000, 0x00000000f5580000, 0x00000000f5580000)
  object space 349696K, 99% used [0x00000000e0000000,0x00000000f557fbb8,0x00000000f5580000)
 Metaspace       used 57957K, committed 59200K, reserved 1105920K
  class space    used 5842K, committed 6336K, reserved 1048576K
}
Event: 862.567 GC heap before
{Heap before GC invocations=802 (full 689):
 PSYoungGen      total 26624K, used 20479K [0x00000000f5580000, 0x00000000f7700000, 0x0000000100000000)
  eden space 20480K, 99% used [0x00000000f5580000,0x00000000f697fff0,0x00000000f6980000)
  from space 6144K, 0% used [0x00000000f6980000,0x00000000f6980000,0x00000000f6f80000)
  to   space 5632K, 0% used [0x00000000f7000000,0x00000000f7000000,0x00000000f7580000)
 ParOldGen       total 349696K, used 349694K [0x00000000e0000000, 0x00000000f5580000, 0x00000000f5580000)
  object space 349696K, 99% used [0x00000000e0000000,0x00000000f557fbb8,0x00000000f5580000)
 Metaspace       used 57957K, committed 59200K, reserved 1105920K
  class space    used 5842K, committed 6336K, reserved 1048576K
}
Event: 863.953 GC heap after
{Heap after GC invocations=802 (full 689):
 PSYoungGen      total 26112K, used 20479K [0x00000000f5580000, 0x00000000f7700000, 0x0000000100000000)
  eden space 20480K, 99% used [0x00000000f5580000,0x00000000f697fff0,0x00000000f6980000)
  from space 5632K, 0% used [0x00000000f7000000,0x00000000f7000000,0x00000000f7580000)
  to   space 6144K, 0% used [0x00000000f6980000,0x00000000f6980000,0x00000000f6f80000)
 ParOldGen       total 349696K, used 349694K [0x00000000e0000000, 0x00000000f5580000, 0x00000000f5580000)
  object space 349696K, 99% used [0x00000000e0000000,0x00000000f557fbb8,0x00000000f5580000)
 Metaspace       used 57957K, committed 59200K, reserved 1105920K
  class space    used 5842K, committed 6336K, reserved 1048576K
}

