# JRE version: OpenJDK Runtime Environment GraalVM CE 22.3.0 (17.0.5+8) (build 17.0.5+8-jvmci-22.3-b08)
# Java VM: OpenJDK 64-Bit Server VM GraalVM CE 22.3.0 (17.0.5+8-jvmci-22.3-b08, mixed mode, sharing, tiered, jvmci, jvmci compiler, compressed oops, compressed class ptrs, parallel gc, linux-amd64)
GC Precious Log:
 CPUs: 8 total, 1 available
 Memory: 1024M
 Large Page Support: Disabled
 NUMA Support: Disabled
 Compressed Oops: Enabled (32-bit)
 Alignments: Space 512K, Generation 512K, Heap 2M
 Heap Min Capacity: 100M
 Heap Initial Capacity: 100M
 Heap Max Capacity: 512M
 Pre-touch: Disabled
 Parallel Workers: 1
Heap:
 PSYoungGen      total 72192K, used 46059K [0x00000000f5580000, 0x00000000fba00000, 0x0000000100000000)
  eden space 43520K, 99% used [0x00000000f5580000,0x00000000f7fffff0,0x00000000f8000000)
  from space 28672K, 8% used [0x00000000f9c00000,0x00000000f9e7ac98,0x00000000fb800000)
  to   space 28672K, 0% used [0x00000000f8000000,0x00000000f8000000,0x00000000f9c00000)
 ParOldGen       total 349696K, used 349694K [0x00000000e0000000, 0x00000000f5580000, 0x00000000f5580000)
  object space 349696K, 99% used [0x00000000e0000000,0x00000000f557fb08,0x00000000f5580000)
 Metaspace       used 59576K, committed 60800K, reserved 1105920K
  class space    used 5935K, committed 6464K, reserved 1048576K
GC Heap History (20 events):
Event: 1230.427 GC heap before
{Heap before GC invocations=989 (full 862):
 PSYoungGen      total 72192K, used 46059K [0x00000000f5580000, 0x00000000fba00000, 0x0000000100000000)
  eden space 43520K, 100% used [0x00000000f5580000,0x00000000f8000000,0x00000000f8000000)
  from space 28672K, 8% used [0x00000000f9c00000,0x00000000f9e7ac98,0x00000000fb800000)
  to   space 28672K, 0% used [0x00000000f8000000,0x00000000f8000000,0x00000000f9c00000)
 ParOldGen       total 349696K, used 349685K [0x00000000e0000000, 0x00000000f5580000, 0x00000000f5580000)
  object space 349696K, 99% used [0x00000000e0000000,0x00000000f557d698,0x00000000f5580000)
 Metaspace       used 59576K, committed 60800K, reserved 1105920K
  class space    used 5935K, committed 6464K, reserved 1048576K
}
Event: 1231.690 GC heap after
{Heap after GC invocations=989 (full 862):
 PSYoungGen      total 72192K, used 46059K [0x00000000f5580000, 0x00000000fba00000, 0x0000000100000000)
  eden space 43520K, 99% used [0x00000000f5580000,0x00000000f7ffffe8,0x00000000f8000000)
  from space 28672K, 8% used [0x00000000f9c00000,0x00000000f9e7ac98,0x00000000fb800000)
  to   space 28672K, 0% used [0x00000000f8000000,0x00000000f8000000,0x00000000f9c00000)
 ParOldGen       total 349696K, used 349685K [0x00000000e0000000, 0x00000000f5580000, 0x00000000f5580000)
  object space 349696K, 99% used [0x00000000e0000000,0x00000000f557d698,0x00000000f5580000)
 Metaspace       used 59576K, committed 60800K, reserved 1105920K
  class space    used 5935K, committed 6464K, reserved 1048576K
}
Event: 1231.691 GC heap before
{Heap before GC invocations=990 (full 863):
 PSYoungGen      total 72192K, used 46059K [0x00000000f5580000, 0x00000000fba00000, 0x0000000100000000)
  eden space 43520K, 100% used [0x00000000f5580000,0x00000000f8000000,0x00000000f8000000)
  from space 28672K, 8% used [0x00000000f9c00000,0x00000000f9e7ac98,0x00000000fb800000)
  to   space 28672K, 0% used [0x00000000f8000000,0x00000000f8000000,0x00000000f9c00000)
 ParOldGen       total 349696K, used 349687K [0x00000000e0000000, 0x00000000f5580000, 0x00000000f5580000)
  object space 349696K, 99% used [0x00000000e0000000,0x00000000f557dea0,0x00000000f5580000)
 Metaspace       used 59576K, committed 60800K, reserved 1105920K
  class space    used 5935K, committed 6464K, reserved 1048576K
}
Event: 1233.102 GC heap after
{Heap after GC invocations=990 (full 863):
 PSYoungGen      total 72192K, used 46058K [0x00000000f5580000, 0x00000000fba00000, 0x0000000100000000)
  eden space 43520K, 99% used [0x00000000f5580000,0x00000000f7fffe18,0x00000000f8000000)
  from space 28672K, 8% used [0x00000000f9c00000,0x00000000f9e7ac98,0x00000000fb800000)
  to   space 28672K, 0% used [0x00000000f8000000,0x00000000f8000000,0x00000000f9c00000)
 ParOldGen       total 349696K, used 349687K [0x00000000e0000000, 0x00000000f5580000, 0x00000000f5580000)
  object space 349696K, 99% used [0x00000000e0000000,0x00000000f557de88,0x00000000f5580000)
 Metaspace       used 59576K, committed 60800K, reserved 1105920K
  class space    used 5935K, committed 6464K, reserved 1048576K
}
Event: 1233.103 GC heap before
{Heap before GC invocations=991 (full 864):
 PSYoungGen      total 72192K, used 46059K [0x00000000f5580000, 0x00000000fba00000, 0x0000000100000000)
  eden space 43520K, 99% used [0x00000000f5580000,0x00000000f7fffff8,0x00000000f8000000)
  from space 28672K, 8% used [0x00000000f9c00000,0x00000000f9e7ac98,0x00000000fb800000)
  to   space 28672K, 0% used [0x00000000f8000000,0x00000000f8000000,0x00000000f9c00000)
 ParOldGen       total 349696K, used 349687K [0x00000000e0000000, 0x00000000f5580000, 0x00000000f5580000)
  object space 349696K, 99% used [0x00000000e0000000,0x00000000f557de88,0x00000000f5580000)
 Metaspace       used 59576K, committed 60800K, reserved 1105920K
  class space    used 5935K, committed 6464K, reserved 1048576K
}
Event: 1234.387 GC heap after
{Heap after GC invocations=991 (full 864):
 PSYoungGen      total 72192K, used 46059K [0x00000000f5580000, 0x00000000fba00000, 0x0000000100000000)
  eden space 43520K, 99% used [0x00000000f5580000,0x00000000f7ffffc8,0x00000000f8000000)
  from space 28672K, 8% used [0x00000000f9c00000,0x00000000f9e7ac98,0x00000000fb800000)
  to   space 28672K, 0% used [0x00000000f8000000,0x00000000f8000000,0x00000000f9c00000)
 ParOldGen       total 349696K, used 349687K [0x00000000e0000000, 0x00000000f5580000, 0x00000000f5580000)
  object space 349696K, 99% used [0x00000000e0000000,0x00000000f557de88,0x00000000f5580000)
 Metaspace       used 59576K, committed 60800K, reserved 1105920K
  class space    used 5935K, committed 6464K, reserved 1048576K
}
Event: 1234.387 GC heap before
{Heap before GC invocations=992 (full 865):
 PSYoungGen      total 72192K, used 46059K [0x00000000f5580000, 0x00000000fba00000, 0x0000000100000000)
  eden space 43520K, 100% used [0x00000000f5580000,0x00000000f8000000,0x00000000f8000000)
  from space 28672K, 8% used [0x00000000f9c00000,0x00000000f9e7ac98,0x00000000fb800000)
  to   space 28672K, 0% used [0x00000000f8000000,0x00000000f8000000,0x00000000f9c00000)
 ParOldGen       total 349696K, used 349687K [0x00000000e0000000, 0x00000000f5580000, 0x00000000f5580000)
  object space 349696K, 99% used [0x00000000e0000000,0x00000000f557de88,0x00000000f5580000)
 Metaspace       used 59576K, committed 60800K, reserved 1105920K
  class space    used 5935K, committed 6464K, reserved 1048576K
}
Event: 1235.707 GC heap after
{Heap after GC invocations=992 (full 865):
 PSYoungGen      total 72192K, used 46059K [0x00000000f5580000, 0x00000000fba00000, 0x0000000100000000)
  eden space 43520K, 100% used [0x00000000f5580000,0x00000000f8000000,0x00000000f8000000)
  from space 28672K, 8% used [0x00000000f9c00000,0x00000000f9e7ac98,0x00000000fb800000)
  to   space 28672K, 0% used [0x00000000f8000000,0x00000000f8000000,0x00000000f9c00000)
 ParOldGen       total 349696K, used 349687K [0x00000000e0000000, 0x00000000f5580000, 0x00000000f5580000)
  object space 349696K, 99% used [0x00000000e0000000,0x00000000f557de68,0x00000000f5580000)
 Metaspace       used 59576K, committed 60800K, reserved 1105920K
  class space    used 5935K, committed 6464K, reserved 1048576K
}
Event: 1235.708 GC heap before
{Heap before GC invocations=993 (full 866):
 PSYoungGen      total 72192K, used 46059K [0x00000000f5580000, 0x00000000fba00000, 0x0000000100000000)
  eden space 43520K, 100% used [0x00000000f5580000,0x00000000f8000000,0x00000000f8000000)
  from space 28672K, 8% used [0x00000000f9c00000,0x00000000f9e7ac98,0x00000000fb800000)
  to   space 28672K, 0% used [0x00000000f8000000,0x00000000f8000000,0x00000000f9c00000)
 ParOldGen       total 349696K, used 349689K [0x00000000e0000000, 0x00000000f5580000, 0x00000000f5580000)
  object space 349696K, 99% used [0x00000000e0000000,0x00000000f557e650,0x00000000f5580000)
 Metaspace       used 59576K, committed 60800K, reserved 1105920K
  class space    used 5935K, committed 6464K, reserved 1048576K
}
Event: 1237.017 GC heap after
{Heap after GC invocations=993 (full 866):
 PSYoungGen      total 72192K, used 46058K [0x00000000f5580000, 0x00000000fba00000, 0x0000000100000000)
  eden space 43520K, 99% used [0x00000000f5580000,0x00000000f7fffe18,0x00000000f8000000)
  from space 28672K, 8% used [0x00000000f9c00000,0x00000000f9e7ac98,0x00000000fb800000)
  to   space 28672K, 0% used [0x00000000f8000000,0x00000000f8000000,0x00000000f9c00000)
 ParOldGen       total 349696K, used 349689K [0x00000000e0000000, 0x00000000f5580000, 0x00000000f5580000)
  object space 349696K, 99% used [0x00000000e0000000,0x00000000f557e650,0x00000000f5580000)
 Metaspace       used 59576K, committed 60800K, reserved 1105920K
  class space    used 5935K, committed 6464K, reserved 1048576K
}
Event: 1237.018 GC heap before
{Heap before GC invocations=994 (full 867):
 PSYoungGen      total 72192K, used 46059K [0x00000000f5580000, 0x00000000fba00000, 0x0000000100000000)
  eden space 43520K, 99% used [0x00000000f5580000,0x00000000f7fffff8,0x00000000f8000000)
  from space 28672K, 8% used [0x00000000f9c00000,0x00000000f9e7ac98,0x00000000fb800000)
  to   space 28672K, 0% used [0x00000000f8000000,0x00000000f8000000,0x00000000f9c00000)
 ParOldGen       total 349696K, used 349689K [0x00000000e0000000, 0x00000000f5580000, 0x00000000f5580000)
  object space 349696K, 99% used [0x00000000e0000000,0x00000000f557e650,0x00000000f5580000)
 Metaspace       used 59576K, committed 60800K, reserved 1105920K
  class space    used 5935K, committed 6464K, reserved 1048576K
}
Event: 1238.288 GC heap after
{Heap after GC invocations=994 (full 867):
 PSYoungGen      total 72192K, used 46059K [0x00000000f5580000, 0x00000000fba00000, 0x0000000100000000)
  eden space 43520K, 99% used [0x00000000f5580000,0x00000000f7ffffe0,0x00000000f8000000)
  from space 28672K, 8% used [0x00000000f9c00000,0x00000000f9e7ac98,0x00000000fb800000)
  to   space 28672K, 0% used [0x00000000f8000000,0x00000000f8000000,0x00000000f9c00000)
 ParOldGen       total 349696K, used 349689K [0x00000000e0000000, 0x00000000f5580000, 0x00000000f5580000)
  object space 349696K, 99% used [0x00000000e0000000,0x00000000f557e650,0x00000000f5580000)
 Metaspace       used 59576K, committed 60800K, reserved 1105920K
  class space    used 5935K, committed 6464K, reserved 1048576K
}
Event: 1238.288 GC heap before
{Heap before GC invocations=995 (full 868):
 PSYoungGen      total 72192K, used 46059K [0x00000000f5580000, 0x00000000fba00000, 0x0000000100000000)
  eden space 43520K, 100% used [0x00000000f5580000,0x00000000f8000000,0x00000000f8000000)
  from space 28672K, 8% used [0x00000000f9c00000,0x00000000f9e7ac98,0x00000000fb800000)
  to   space 28672K, 0% used [0x00000000f8000000,0x00000000f8000000,0x00000000f9c00000)
 ParOldGen       total 349696K, used 349692K [0x00000000e0000000, 0x00000000f5580000, 0x00000000f5580000)
  object space 349696K, 99% used [0x00000000e0000000,0x00000000f557f0b8,0x00000000f5580000)
 Metaspace       used 59576K, committed 60800K, reserved 1105920K
  class space    used 5935K, committed 6464K, reserved 1048576K
}
Event: 1239.513 GC heap after
{Heap after GC invocations=995 (full 868):
 PSYoungGen      total 72192K, used 46059K [0x00000000f5580000, 0x00000000fba00000, 0x0000000100000000)
  eden space 43520K, 100% used [0x00000000f5580000,0x00000000f8000000,0x00000000f8000000)
  from space 28672K, 8% used [0x00000000f9c00000,0x00000000f9e7ac98,0x00000000fb800000)
  to   space 28672K, 0% used [0x00000000f8000000,0x00000000f8000000,0x00000000f9c00000)
 ParOldGen       total 349696K, used 349692K [0x00000000e0000000, 0x00000000f5580000, 0x00000000f5580000)
  object space 349696K, 99% used [0x00000000e0000000,0x00000000f557f098,0x00000000f5580000)
 Metaspace       used 59576K, committed 60800K, reserved 1105920K
  class space    used 5935K, committed 6464K, reserved 1048576K
}
Event: 1239.513 GC heap before
{Heap before GC invocations=996 (full 869):
 PSYoungGen      total 72192K, used 46059K [0x00000000f5580000, 0x00000000fba00000, 0x0000000100000000)
  eden space 43520K, 100% used [0x00000000f5580000,0x00000000f8000000,0x00000000f8000000)
  from space 28672K, 8% used [0x00000000f9c00000,0x00000000f9e7ac98,0x00000000fb800000)
  to   space 28672K, 0% used [0x00000000f8000000,0x00000000f8000000,0x00000000f9c00000)
 ParOldGen       total 349696K, used 349693K [0x00000000e0000000, 0x00000000f5580000, 0x00000000f5580000)
  object space 349696K, 99% used [0x00000000e0000000,0x00000000f557f738,0x00000000f5580000)
 Metaspace       used 59576K, committed 60800K, reserved 1105920K
  class space    used 5935K, committed 6464K, reserved 1048576K
}
Event: 1240.809 GC heap after
{Heap after GC invocations=996 (full 869):
 PSYoungGen      total 72192K, used 46059K [0x00000000f5580000, 0x00000000fba00000, 0x0000000100000000)
  eden space 43520K, 100% used [0x00000000f5580000,0x00000000f8000000,0x00000000f8000000)
  from space 28672K, 8% used [0x00000000f9c00000,0x00000000f9e7ac98,0x00000000fb800000)
  to   space 28672K, 0% used [0x00000000f8000000,0x00000000f8000000,0x00000000f9c00000)
 ParOldGen       total 349696K, used 349693K [0x00000000e0000000, 0x00000000f5580000, 0x00000000f5580000)
  object space 349696K, 99% used [0x00000000e0000000,0x00000000f557f508,0x00000000f5580000)
 Metaspace       used 59576K, committed 60800K, reserved 1105920K
  class space    used 5935K, committed 6464K, reserved 1048576K
}
Event: 1240.809 GC heap before
{Heap before GC invocations=997 (full 870):
 PSYoungGen      total 72192K, used 46059K [0x00000000f5580000, 0x00000000fba00000, 0x0000000100000000)
  eden space 43520K, 100% used [0x00000000f5580000,0x00000000f8000000,0x00000000f8000000)
  from space 28672K, 8% used [0x00000000f9c00000,0x00000000f9e7ac98,0x00000000fb800000)
  to   space 28672K, 0% used [0x00000000f8000000,0x00000000f8000000,0x00000000f9c00000)
 ParOldGen       total 349696K, used 349694K [0x00000000e0000000, 0x00000000f5580000, 0x00000000f5580000)
  object space 349696K, 99% used [0x00000000e0000000,0x00000000f557f848,0x00000000f5580000)
 Metaspace       used 59576K, committed 60800K, reserved 1105920K
  class space    used 5935K, committed 6464K, reserved 1048576K
}
Event: 1242.221 GC heap after
{Heap after GC invocations=997 (full 870):
 PSYoungGen      total 72192K, used 46059K [0x00000000f5580000, 0x00000000fba00000, 0x0000000100000000)
  eden space 43520K, 99% used [0x00000000f5580000,0x00000000f7ffffb8,0x00000000f8000000)
  from space 28672K, 8% used [0x00000000f9c00000,0x00000000f9e7ac98,0x00000000fb800000)
  to   space 28672K, 0% used [0x00000000f8000000,0x00000000f8000000,0x00000000f9c00000)
 ParOldGen       total 349696K, used 349693K [0x00000000e0000000, 0x00000000f5580000, 0x00000000f5580000)
  object space 349696K, 99% used [0x00000000e0000000,0x00000000f557f6f8,0x00000000f5580000)
 Metaspace       used 59576K, committed 60800K, reserved 1105920K
  class space    used 5935K, committed 6464K, reserved 1048576K
}
Event: 1242.221 GC heap before
{Heap before GC invocations=998 (full 871):
 PSYoungGen      total 72192K, used 46059K [0x00000000f5580000, 0x00000000fba00000, 0x0000000100000000)
  eden space 43520K, 99% used [0x00000000f5580000,0x00000000f7ffffb8,0x00000000f8000000)
  from space 28672K, 8% used [0x00000000f9c00000,0x00000000f9e7ac98,0x00000000fb800000)
  to   space 28672K, 0% used [0x00000000f8000000,0x00000000f8000000,0x00000000f9c00000)
 ParOldGen       total 349696K, used 349693K [0x00000000e0000000, 0x00000000f5580000, 0x00000000f5580000)
  object space 349696K, 99% used [0x00000000e0000000,0x00000000f557f6f8,0x00000000f5580000)
 Metaspace       used 59576K, committed 60800K, reserved 1105920K
  class space    used 5935K, committed 6464K, reserved 1048576K
}
Event: 1243.327 GC heap after
{Heap after GC invocations=998 (full 871):
 PSYoungGen      total 72192K, used 46059K [0x00000000f5580000, 0x00000000fba00000, 0x0000000100000000)
  eden space 43520K, 99% used [0x00000000f5580000,0x00000000f7ffffb8,0x00000000f8000000)
  from space 28672K, 8% used [0x00000000f9c00000,0x00000000f9e7ac98,0x00000000fb800000)
  to   space 28672K, 0% used [0x00000000f8000000,0x00000000f8000000,0x00000000f9c00000)
 ParOldGen       total 349696K, used 349693K [0x00000000e0000000, 0x00000000f5580000, 0x00000000f5580000)
  object space 349696K, 99% used [0x00000000e0000000,0x00000000f557f6f8,0x00000000f5580000)
 Metaspace       used 59576K, committed 60800K, reserved 1105920K
  class space    used 5935K, committed 6464K, reserved 1048576K
}

